050 ducc_ling Version 2.0.0 compiled Feb 16 2016 at 18:36:48
4050 Limits:       CORE soft[0] hard[9223372036854775807]
4050 Limits:        CPU soft[9223372036854775807] hard[9223372036854775807]
4050 Limits:       DATA soft[9223372036854775807] hard[9223372036854775807]
4050 Limits:      FSIZE soft[9223372036854775807] hard[9223372036854775807]
4050 Limits:    MEMLOCK soft[9223372036854775807] hard[9223372036854775807]
4050 Limits:     NOFILE soft[10240] hard[9223372036854775807]
4050 Limits:      NPROC soft[709] hard[1064]
4050 Limits:        RSS soft[9223372036854775807] hard[9223372036854775807]
4050 Limits:      STACK soft[8388608] hard[67104768]
1120 Changed to working directory /Users/ducc/src
3001 Did not find DUCC_LD_LIBRARY_PATH, not setting LD_LIBRARY_PATH.
Environ[0] = AE_INIT_TIME=5
Environ[1] = IP=127.0.0.1
Environ[2] = AE_INIT_RANGE=5
Environ[3] = USER=ducc
Environ[4] = HOME=/Users/ducc
Environ[5] = JobId=97
Environ[6] = DUCC_PROCESS_LOG_PREFIX=/Users/ducc/src/logs/97/97-JD-localhost
Environ[7] = INIT_ERROR=0
Environ[8] = ProcessDuccIdFriendly=0
Environ[9] = LANG=en_US.UTF-8
Environ[10] = NodeName=localhost
Environ[11] = ProcessDuccId=e26143cd-2d39-4977-8646-b31f4caf6f9c
1000 Command to exec: /Library/Java/JavaVirtualMachines/jdk1.7.0_79.jdk/Contents/Home/jre/bin/java
    arg[1]: -DDUCC_HOME=/Users/ducc/apache-uima-ducc-2.0.1
    arg[2]: -Dducc.deploy.configuration=/Users/ducc/apache-uima-ducc-2.0.1/resources/ducc.properties
    arg[3]: -Dducc.agent.process.state.update.port=63962
    arg[4]: -Dducc.process.log.dir=/Users/ducc/src/logs/97/
    arg[5]: -Dducc.process.log.basename=97-JD-localhost
    arg[6]: -Dducc.job.id=97
    arg[7]: -Dducc.deploy.configuration=/Users/ducc/apache-uima-ducc-2.0.1/resources/ducc.properties
    arg[8]: -Dducc.deploy.components=jd
    arg[9]: -Dducc.job.id=97
    arg[10]: -Xmx4g
    arg[11]: -Dducc.deploy.JobId=97
    arg[12]: -Dducc.deploy.CollectionReaderXml=/Users/ducc/src/apache-ctakes-3.2.2/desc/ctakes-core/desc/collection_reader/FilesInDirectoryCollectionReader.xml
    arg[13]: -Dducc.deploy.CollectionReaderCfg=InputDirectory=/Users/ducc/shangridocs/shangridocs-services/src/main/resources/buffer/infiles
    arg[14]: -Dducc.deploy.UserClasspath=/Users/ducc/src/apache-ctakes-3.2.2/desc:/Users/ducc/src/apache-ctakes-3.2.2/resources:/Users/ducc/src/apache-ctakes-3.2.2/lib/*:/Users/ducc/apache-uima-ducc-2.0.1/lib/*:/Users/ducc/apache-uima-ducc-2.0.1/lib/uima-ducc/user/*
    arg[15]: -Dducc.deploy.WorkItemTimeout=5
    arg[16]: -Dducc.deploy.JobDirectory=/Users/ducc/src/logs
    arg[17]: -Dducc.deploy.JpFlowController=org.apache.uima.ducc.FlowController
    arg[18]: -Dducc.deploy.JpAeDescriptor=/Users/ducc/src/apache-ctakes-3.2.2/desc/ctakes-clinical-pipeline/desc/analysis_engine/AggregatePlaintextUMLSProcessor.xml
    arg[19]: -Dducc.deploy.JpCcDescriptor=/Users/ducc/src/apache-ctakes-3.2.2/desc/ctakes-core/desc/cas_consumer/FileWriterCasConsumer.xml
    arg[20]: -Dducc.deploy.JpCcOverrides=outputDir=/Users/ducc/shangridocs/shangridocs-services/src/main/resources/buffer/outfiles
    arg[21]: -Dducc.deploy.JpDdName=DUCC.Job
    arg[22]: -Dducc.deploy.JpDdDescription=DUCC.Generated
    arg[23]: -Dducc.deploy.JpThreadCount=2
    arg[24]: -Dducc.deploy.JpDdBrokerURL=${broker.name}
    arg[25]: -Dducc.deploy.JpDdBrokerEndpoint=${queue.name}
    arg[26]: -classpath
    arg[27]: /Users/ducc/apache-uima-ducc-2.0.1/lib/uima-ducc/*:/Users/ducc/apache-uima-ducc-2.0.1/apache-uima/lib/uima-core.jar:/Users/ducc/apache-uima-ducc-2.0.1/lib/apache-log4j/*:/Users/ducc/apache-uima-ducc-2.0.1/webserver/lib/*:/Users/ducc/apache-uima-ducc-2.0.1/lib/http-client/*:/Users/ducc/apache-uima-ducc-2.0.1/apache-uima/apache-activemq/lib/*:/Users/ducc/apache-uima-ducc-2.0.1/lib/apache-camel/*:/Users/ducc/apache-uima-ducc-2.0.1/lib/apache-commons/*:/Users/ducc/apache-uima-ducc-2.0.1/lib/google-gson/*:/Users/ducc/apache-uima-ducc-2.0.1/lib/springframework/*
    arg[28]: org.apache.uima.ducc.common.main.DuccService
1001 Command launching...
09 Mar 2016 08:52:36,762  INFO DUCC.DuccService - J[N/A] T[1] Component  Starting Component 
{ducc.agent.exclusion.file=/Users/ducc/apache-uima-ducc-2.0.1/resources/exclusion.nodes, file.encoding.pkg=sun.io, ducc.orchestrator.http.node=localhost, ducc.sm.meta.ping.stability=10, ducc.rm.admin.endpoint.type=queue, ducc.agent.managed.process.state.update.endpoint.type=socket, java.home=/Library/Java/JavaVirtualMachines/jdk1.7.0_79.jdk/Contents/Home/jre, ducc.ws.jsp.compilation.directory=/tmp/ducc/jsp, ducc.sm.http.port=19989, ducc.head=localhost, ducc.rm.class.definitions=ducc.classes, ducc.agent.jvm.args=-Xmx500M, ducc.jd.queue.timeout.minutes=5, ducc.broker.memory.options=-Xmx1G, java.endorsed.dirs=/Library/Java/JavaVirtualMachines/jdk1.7.0_79.jdk/Contents/Home/jre/lib/endorsed, ducc.deploy.JpCcOverrides=outputDir=/Users/ducc/shangridocs/shangridocs-services/src/main/resources/buffer/outfiles, ducc.orchestrator.state.update.endpoint=activemq:topic:ducc.orchestrator.state, ducc.agent.launcher.process.init.timeout=7200000, ducc.agent.node.inventory.endpoint=activemq:topic:ducc.node.inventory, sun.os.patch.level=unknown, ducc.deploy.JpAeDescriptor=/Users/ducc/src/apache-ctakes-3.2.2/desc/ctakes-clinical-pipeline/desc/analysis_engine/AggregatePlaintextUMLSProcessor.xml, java.vendor.url=http://java.oracle.com/, ducc.uima-as.endpoint.type=socket, ducc.ws.session.minutes=60, java.version=1.7.0_79, ducc.cli.httpclient.sotimeout=0, ducc.agent.node.metrics.endpoint.type=topic, ducc.broker.server.url.decoration=transport.soWriteTimeout=45000, ducc.signature.required=on, ducc.process.log.dir=/Users/ducc/src/logs/97/, ducc.process.thread.sleep.time=3000, ducc.sm.instance.failure.limit=5, ducc.admin.endpoint=activemq:topic:ducc.admin.channel, java.vendor.url.bug=http://bugreport.sun.com/bugreport/, ducc.jd.state.update.endpoint=activemq:topic:ducc.jd.state, ducc.rm.default.memory=4, ducc.private.resources=/Users/ducc/apache-uima-ducc-2.0.1/resources.private, user.name=ducc, sun.io.unicode.encoding=UnicodeBig, sun.jnu.encoding=UTF-8, java.runtime.name=Java(TM) SE Runtime Environment, ducc.broker.protocol=tcp, ducc.broker.credentials.file=/Users/ducc/apache-uima-ducc-2.0.1/resources.private/ducc-broker-credentials.properties, java.specification.name=Java Platform API Specification, ducc.cluster.name=Apache UIMA-DUCC, ftp.nonProxyHosts=local|*.local|169.254/16|*.169.254/16, ducc.pm.jvm.args=-Xmx1G, user.timezone=America/Los_Angeles, ducc.pm.state.publish.rate=15000, ducc.deploy.JpFlowController=org.apache.uima.ducc.FlowController, ducc.orchestrator.jvm.args=-Xmx1G, path.separator=:, ducc.jvm=/Library/Java/JavaVirtualMachines/jdk1.7.0_79.jdk/Contents/Home/bin/java, ducc.orchestrator.maintenance.rate=60000, ducc.orchestrator.state.update.endpoint.type=topic, file.encoding=UTF-8, sun.java.command=org.apache.uima.ducc.common.main.DuccService, ducc.jd.configuration.class=org.apache.uima.ducc.transport.configuration.jd.JobDriverConfiguration, ducc.orchestrator.http.port=19988, socksNonProxyHosts=local|*.local|169.254/16|*.169.254/16, ducc.agent.node.inventory.publish.rate.skip=3, ducc.rm.state.update.endpoint=activemq:topic:ducc.rm.state, ducc.service.configuration.class=org.apache.uima.ducc.transport.configuration.service.ServiceConfiguration, ducc.environment.propagated=USER HOME LANG DUCC_SERVICE_INSTANCE, ducc.locale.country=us, ducc.agent.launcher.cgroups.subsystems=memory,cpu, java.io.tmpdir=/var/folders/jz/yt8kzz7n27nc62lsr5kr3k540000gp/T/, user.language=en, line.separator=
, ducc.deploy.configuration=/Users/ducc/apache-uima-ducc-2.0.1/resources/ducc.properties, ducc.deploy.WorkItemTimeout=5, ducc.jd.queue.prefix=ducc.jd.queue., java.vm.info=mixed mode, ducc.agent.managed.process.state.update.endpoint.params=transferExchange=true&sync=false, ducc.jd.host.user=System, ducc.job.id=97, java.vm.specification.name=Java Virtual Machine Specification, ducc.process.request.timeout=30000, ducc.rm.initialization.cap=1, ducc.broker.url.decoration=jms.useCompression=true, ducc.agent.node.metrics.publish.rate=30000, ducc.rm.jvm.args=-Xmx1G, ducc.admin.endpoint.type=topic, ducc.ws.port.ssl=42155, ducc.ws.jvm.args=-Xmx2G -Djava.util.Arrays.useLegacyMergeSort=true, ducc.broker.home=/Users/ducc/apache-uima-ducc-2.0.1/apache-uima/apache-activemq, ducc.sm.meta.ping.rate=60000, ducc.broker.jmx.port=1100, http.nonProxyHosts=local|*.local|169.254/16|*.169.254/16, ducc.jd.host.class=JobDriver, ducc.deploy.CollectionReaderXml=/Users/ducc/src/apache-ctakes-3.2.2/desc/ctakes-core/desc/collection_reader/FilesInDirectoryCollectionReader.xml, ducc.agent.managed.process.state.update.endpoint=mina:tcp://localhost:, ducc.broker.configuration=conf/activemq-ducc.xml, ducc.agent.launcher.ducc_spawn_path=/Users/ducc/apache-uima-ducc-2.0.1/admin/x86_64/ducc_ling, java.awt.printerjob=sun.lwawt.macosx.CPrinterJob, ducc.sm.default.linger=300000, ducc.rm.user.registry=ducc.users, ducc.locale.language=en, ducc.ws.visualization.strip.domain=true, ducc.ws.max.history.entries=4096, ducc.sm.configuration.class=org.apache.uima.ducc.sm.config.ServiceManagerConfiguration, ducc.agent.request.endpoint=activemq:topic:ducc.agent, ducc.rm.fragmentation.threshold=8, ducc.orchestrator.unmanaged.reservations.accepted=true, ducc.node.min.swap.threshold=0, ducc.jd.share.quantum=400, ducc.sm.jvm.args=-Xmx1G, gopherProxySet=false, ducc.process.uima.as.container.class=org.apache.uima.ducc.user.jp.UimaASProcessContainer, ducc.rm.state.publish.ratio=1, ducc.ws.login.enabled=false, ducc.sm.instance.failure.max=5, ducc.sm.instance.failure.window=30, ducc.threads.limit=500, ducc.job-process.configuration.class=org.apache.uima.ducc.transport.configuration.jp.JobProcessConfiguration, ducc.agent.node.inventory.publish.rate=10000, ducc.jd.startup.initialization.error.limit=1, os.name=Mac OS X, java.specification.vendor=Oracle Corporation, ducc.jd.host.memory.size=2GB, ducc.jd.host.number.of.machines=1, ducc.rm.prediction=true, ducc.flow-controller.specifier=org.apache.uima.ducc.FlowController, java.vm.name=Java HotSpot(TM) 64-Bit Server VM, ducc.deploy.JpDdBrokerEndpoint=${queue.name}, ducc.deploy.components=jd, ducc.deploy.JobId=97, ducc.sm.default.monitor.class=org.apache.uima.ducc.cli.UimaAsPing, ducc.rm.init.stability=2, ducc.broker.url=tcp://localhost:61617?jms.useCompression=true, java.library.path=/Users/ducc/Library/Java/Extensions:/Library/Java/Extensions:/Network/Library/Java/Extensions:/System/Library/Java/Extensions:/usr/lib/java:., ducc.uima-as.saxon.jar.path=file:/Users/ducc/apache-uima-ducc-2.0.1/apache-uima/saxon/saxon8.jar, ducc.deploy.JpDdName=DUCC.Job, ducc.rm.admin.endpoint=activemq:queue:ducc.rm.admin.channel, java.class.version=51.0, ducc.jd.host.description=Job Driver, ducc.pm.state.update.endpoint=activemq:topic:ducc.pm.state, ducc.sm.init.failure.limit=1, ducc.agent.launcher.cgroups.enable=true, ducc.rm.configuration.class=org.apache.uima.ducc.rm.config.ResourceManagerConfiguration, ducc.agent.process.state.update.port=63962, ducc.orchestrator.state.publish.rate=10000, ducc.agent.launcher.use.ducc_spawn=true, sun.boot.library.path=/Library/Java/JavaVirtualMachines/jdk1.7.0_79.jdk/Contents/Home/jre/lib, ducc.ws.configuration.class=org.apache.uima.ducc.ws.config.WebServerConfiguration, ducc.deploy.JpDdDescription=DUCC.Generated, sun.management.compiler=HotSpot 64-Bit Tiered Compilers, java.awt.graphicsenv=sun.awt.CGraphicsEnvironment, ducc.sm.state.update.endpoint=activemq:topic:ducc.sm.state, ducc.orchestrator.start.type=warm, ducc.ws.requestLog.RetainDays=30, DUCC_HOME=/Users/ducc/apache-uima-ducc-2.0.1, ducc.driver.jvm.args=-Xmx300M, ducc.uima-as.endpoint=mina:tcp://localhost:, ducc.deploy.JpDdBrokerURL=${broker.name}, ducc.agent.request.endpoint.type=topic, NodeName=localhost, ducc.broker.port=61617, java.vm.specification.version=1.7, ducc.deploy.CollectionReaderCfg=InputDirectory=/Users/ducc/shangridocs/shangridocs-services/src/main/resources/buffer/infiles, ducc.uima-as.dd2spring.xsl.path=/Users/ducc/apache-uima-ducc-2.0.1/apache-uima/bin/dd2spring.xsl, awt.toolkit=sun.awt.HToolkit, ducc.agent.node.inventory.endpoint.type=topic, ducc.broker.automanage=true, sun.cpu.isalist=, ducc.rm.expand.by.doubling=true, java.ext.dirs=/Users/ducc/Library/Java/Extensions:/Library/Java/JavaVirtualMachines/jdk1.7.0_79.jdk/Contents/Home/jre/lib/ext:/Library/Java/Extensions:/Network/Library/Java/Extensions:/System/Library/Java/Extensions:/usr/lib/java, os.version=10.10.5, ducc.rm.eviction.policy=SHRINK_BY_INVESTMENT, ducc.pm.request.endpoint.type=queue, ducc.process.log.basename=97-JD-localhost, user.home=/Users/ducc, ducc.ws.automatic.cancel.minutes=5, java.vm.vendor=Oracle Corporation, ducc.agent.launcher.process.stop.timeout=60000, ducc.deploy.UserClasspath=/Users/ducc/src/apache-ctakes-3.2.2/desc:/Users/ducc/src/apache-ctakes-3.2.2/resources:/Users/ducc/src/apache-ctakes-3.2.2/lib/*:/Users/ducc/apache-uima-ducc-2.0.1/lib/*:/Users/ducc/apache-uima-ducc-2.0.1/lib/uima-ducc/user/*, ducc.agent.node.metrics.sys.gid.max=500, ducc.sm.http.node=localhost, user.dir=/Users/ducc/src, ducc.agent.configuration.class=org.apache.uima.ducc.agent.config.AgentConfiguration, ducc.agent.launcher.cgroups.utils.dir=/usr/bin,/bin, ducc.agent.launcher.thread.pool.size=10, sun.cpu.endian=little, ducc.deploy.JpCcDescriptor=/Users/ducc/src/apache-ctakes-3.2.2/desc/ctakes-core/desc/cas_consumer/FileWriterCasConsumer.xml, ducc.jd.state.update.endpoint.type=topic, ducc.jms.provider=activemq, java.vm.version=24.79-b02, java.class.path=/Users/ducc/apache-uima-ducc-2.0.1/lib/uima-ducc/uima-ducc-agent-2.0.1.jar:/Users/ducc/apache-uima-ducc-2.0.1/lib/uima-ducc/uima-ducc-cli-2.0.1.jar:/Users/ducc/apache-uima-ducc-2.0.1/lib/uima-ducc/uima-ducc-common-2.0.1.jar:/Users/ducc/apache-uima-ducc-2.0.1/lib/uima-ducc/uima-ducc-container-2.0.1.jar:/Users/ducc/apache-uima-ducc-2.0.1/lib/uima-ducc/uima-ducc-orchestrator-2.0.1.jar:/Users/ducc/apache-uima-ducc-2.0.1/lib/uima-ducc/uima-ducc-pm-2.0.1.jar:/Users/ducc/apache-uima-ducc-2.0.1/lib/uima-ducc/uima-ducc-rm-2.0.1.jar:/Users/ducc/apache-uima-ducc-2.0.1/lib/uima-ducc/uima-ducc-sm-2.0.1.jar:/Users/ducc/apache-uima-ducc-2.0.1/lib/uima-ducc/uima-ducc-transport-2.0.1.jar:/Users/ducc/apache-uima-ducc-2.0.1/lib/uima-ducc/uima-ducc-web-2.0.1.jar:/Users/ducc/apache-uima-ducc-2.0.1/apache-uima/lib/uima-core.jar:/Users/ducc/apache-uima-ducc-2.0.1/lib/apache-log4j/log4j-1.2.16.jar:/Users/ducc/apache-uima-ducc-2.0.1/webserver/lib/jetty-ajp-7.4.4.v20110707.jar:/Users/ducc/apache-uima-ducc-2.0.1/webserver/lib/jetty-annotations-7.4.4.v20110707.jar:/Users/ducc/apache-uima-ducc-2.0.1/webserver/lib/jetty-client-7.4.4.v20110707.jar:/Users/ducc/apache-uima-ducc-2.0.1/webserver/lib/jetty-continuation-7.4.4.v20110707.jar:/Users/ducc/apache-uima-ducc-2.0.1/webserver/lib/jetty-deploy-7.4.4.v20110707.jar:/Users/ducc/apache-uima-ducc-2.0.1/webserver/lib/jetty-http-7.4.4.v20110707.jar:/Users/ducc/apache-uima-ducc-2.0.1/webserver/lib/jetty-io-7.4.4.v20110707.jar:/Users/ducc/apache-uima-ducc-2.0.1/webserver/lib/jetty-jmx-7.4.4.v20110707.jar:/Users/ducc/apache-uima-ducc-2.0.1/webserver/lib/jetty-jndi-7.4.4.v20110707.jar:/Users/ducc/apache-uima-ducc-2.0.1/webserver/lib/jetty-overlay-deployer-7.4.4.v20110707.jar:/Users/ducc/apache-uima-ducc-2.0.1/webserver/lib/jetty-plus-7.4.4.v20110707.jar:/Users/ducc/apache-uima-ducc-2.0.1/webserver/lib/jetty-policy-7.4.4.v20110707.jar:/Users/ducc/apache-uima-ducc-2.0.1/webserver/lib/jetty-rewrite-7.4.4.v20110707.jar:/Users/ducc/apache-uima-ducc-2.0.1/webserver/lib/jetty-security-7.4.4.v20110707.jar:/Users/ducc/apache-uima-ducc-2.0.1/webserver/lib/jetty-server-7.4.4.v20110707.jar:/Users/ducc/apache-uima-ducc-2.0.1/webserver/lib/jetty-servlet-7.4.4.v20110707.jar:/Users/ducc/apache-uima-ducc-2.0.1/webserver/lib/jetty-servlets-7.4.4.v20110707.jar:/Users/ducc/apache-uima-ducc-2.0.1/webserver/lib/jetty-util-7.4.4.v20110707.jar:/Users/ducc/apache-uima-ducc-2.0.1/webserver/lib/jetty-webapp-7.4.4.v20110707.jar:/Users/ducc/apache-uima-ducc-2.0.1/webserver/lib/jetty-websocket-7.4.4.v20110707.jar:/Users/ducc/apache-uima-ducc-2.0.1/webserver/lib/jetty-xml-7.4.4.v20110707.jar:/Users/ducc/apache-uima-ducc-2.0.1/webserver/lib/servlet-api-2.5.jar:/Users/ducc/apache-uima-ducc-2.0.1/lib/http-client/commons-codec-1.2.jar:/Users/ducc/apache-uima-ducc-2.0.1/lib/http-client/commons-httpclient-3.1.jar:/Users/ducc/apache-uima-ducc-2.0.1/lib/http-client/httpclient-4.3.5.jar:/Users/ducc/apache-uima-ducc-2.0.1/lib/http-client/httpcore-4.3.2.jar:/Users/ducc/apache-uima-ducc-2.0.1/apache-uima/apache-activemq/lib/activemq-camel-5.7.0.jar:/Users/ducc/apache-uima-ducc-2.0.1/apache-uima/apache-activemq/lib/activemq-console-5.7.0.jar:/Users/ducc/apache-uima-ducc-2.0.1/apache-uima/apache-activemq/lib/activemq-core-5.7.0.jar:/Users/ducc/apache-uima-ducc-2.0.1/apache-uima/apache-activemq/lib/activemq-optional-5.7.0.jar:/Users/ducc/apache-uima-ducc-2.0.1/apache-uima/apache-activemq/lib/activemq-spring-5.7.0.jar:/Users/ducc/apache-uima-ducc-2.0.1/apache-uima/apache-activemq/lib/commons-logging-1.0.4.jar:/Users/ducc/apache-uima-ducc-2.0.1/apache-uima/apache-activemq/lib/geronimo-j2ee-management_1.1_spec-1.0.1.jar:/Users/ducc/apache-uima-ducc-2.0.1/apache-uima/apache-activemq/lib/geronimo-jms_1.1_spec-1.1.1.jar:/Users/ducc/apache-uima-ducc-2.0.1/apache-uima/apache-activemq/lib/jcl-over-slf4j-1.6.4.jar:/Users/ducc/apache-uima-ducc-2.0.1/apache-uima/apache-activemq/lib/kahadb-5.7.0.jar:/Users/ducc/apache-uima-ducc-2.0.1/apache-uima/apache-activemq/lib/slf4j-api-1.6.4.jar:/Users/ducc/apache-uima-ducc-2.0.1/apache-uima/apache-activemq/lib/slf4j-log4j12-1.6.4.jar:/Users/ducc/apache-uima-ducc-2.0.1/apache-uima/apache-activemq/lib/spring-aop-3.0.7.RELEASE.jar:/Users/ducc/apache-uima-ducc-2.0.1/apache-uima/apache-activemq/lib/spring-asm-3.0.7.RELEASE.jar:/Users/ducc/apache-uima-ducc-2.0.1/apache-uima/apache-activemq/lib/spring-beans-3.0.7.RELEASE.jar:/Users/ducc/apache-uima-ducc-2.0.1/apache-uima/apache-activemq/lib/spring-context-3.0.7.RELEASE.jar:/Users/ducc/apache-uima-ducc-2.0.1/apache-uima/apache-activemq/lib/spring-core-3.0.7.RELEASE.jar:/Users/ducc/apache-uima-ducc-2.0.1/apache-uima/apache-activemq/lib/spring-expression-3.0.7.RELEASE.jar:/Users/ducc/apache-uima-ducc-2.0.1/apache-uima/apache-activemq/lib/spring-jms-3.0.7.RELEASE.jar:/Users/ducc/apache-uima-ducc-2.0.1/apache-uima/apache-activemq/lib/spring-tx-3.0.7.RELEASE.jar:/Users/ducc/apache-uima-ducc-2.0.1/apache-uima/apache-activemq/lib/xbean-spring-3.11.1.jar:/Users/ducc/apache-uima-ducc-2.0.1/lib/apache-camel/camel-context-2.10.1.jar:/Users/ducc/apache-uima-ducc-2.0.1/lib/apache-camel/camel-core-2.10.1.jar:/Users/ducc/apache-uima-ducc-2.0.1/lib/apache-camel/camel-http-2.10.1.jar:/Users/ducc/apache-uima-ducc-2.0.1/lib/apache-camel/camel-http4-2.10.1.jar:/Users/ducc/apache-uima-ducc-2.0.1/lib/apache-camel/camel-jetty-2.10.1.jar:/Users/ducc/apache-uima-ducc-2.0.1/lib/apache-camel/camel-jms-2.10.1.jar:/Users/ducc/apache-uima-ducc-2.0.1/lib/apache-camel/camel-mina-2.10.1.jar:/Users/ducc/apache-uima-ducc-2.0.1/lib/apache-camel/camel-servlet-2.10.1.jar:/Users/ducc/apache-uima-ducc-2.0.1/lib/apache-camel/camel-spring-2.10.1.jar:/Users/ducc/apache-uima-ducc-2.0.1/lib/apache-camel/camel-stream-2.10.1.jar:/Users/ducc/apache-uima-ducc-2.0.1/lib/apache-camel/camel-test-2.10.1.jar:/Users/ducc/apache-uima-ducc-2.0.1/lib/apache-camel/camel-test-spring-2.10.1.jar:/Users/ducc/apache-uima-ducc-2.0.1/lib/apache-camel/camel-xmlbeans-2.10.1.jar:/Users/ducc/apache-uima-ducc-2.0.1/lib/apache-camel/camel-xstream-2.10.1.jar:/Users/ducc/apache-uima-ducc-2.0.1/lib/apache-camel/mina-core-1.1.7.jar:/Users/ducc/apache-uima-ducc-2.0.1/lib/apache-camel/xstream-1.3.1.jar:/Users/ducc/apache-uima-ducc-2.0.1/lib/apache-commons/commons-cli-1.2.jar:/Users/ducc/apache-uima-ducc-2.0.1/lib/apache-commons/commons-collections-3.2.1.jar:/Users/ducc/apache-uima-ducc-2.0.1/lib/apache-commons/commons-lang-2.6.jar:/Users/ducc/apache-uima-ducc-2.0.1/lib/apache-commons/commons-pool-1.5.4.jar:/Users/ducc/apache-uima-ducc-2.0.1/lib/google-gson/gson-2.2.2.jar:/Users/ducc/apache-uima-ducc-2.0.1/lib/springframework/com.springsource.net.sf.cglib-2.2.0.jar, ducc.broker.name=localhost, ducc.pm.request.endpoint=activemq:queue:ducc.pm, os.arch=x86_64, ducc.rm.node.stability=5, ducc.deploy.JobDirectory=/Users/ducc/src/logs, ducc.sm.state.update.endpoint.type=topic, ducc.uima-as.configuration.class=org.apache.uima.ducc.transport.configuration.jp.JobProcessConfiguration, ducc.deploy.JpThreadCount=2, ducc.rm.prediction.fudge=120000, sun.java.launcher=SUN_STANDARD, IP=127.0.0.1, ducc.ws.port=42133, java.vm.specification.vendor=Oracle Corporation, ducc.agent.swap.usage.script=/Users/ducc/apache-uima-ducc-2.0.1/bin/ducc_get_process_swap_usage.sh, file.separator=/, ducc.broker.hostname=localhost, java.runtime.version=1.7.0_79-b15, sun.boot.class.path=/Library/Java/JavaVirtualMachines/jdk1.7.0_79.jdk/Contents/Home/jre/lib/resources.jar:/Library/Java/JavaVirtualMachines/jdk1.7.0_79.jdk/Contents/Home/jre/lib/rt.jar:/Library/Java/JavaVirtualMachines/jdk1.7.0_79.jdk/Contents/Home/jre/lib/sunrsasign.jar:/Library/Java/JavaVirtualMachines/jdk1.7.0_79.jdk/Contents/Home/jre/lib/jsse.jar:/Library/Java/JavaVirtualMachines/jdk1.7.0_79.jdk/Contents/Home/jre/lib/jce.jar:/Library/Java/JavaVirtualMachines/jdk1.7.0_79.jdk/Contents/Home/jre/lib/charsets.jar:/Library/Java/JavaVirtualMachines/jdk1.7.0_79.jdk/Contents/Home/jre/lib/jfr.jar:/Library/Java/JavaVirtualMachines/jdk1.7.0_79.jdk/Contents/Home/jre/classes, ducc.process.uima.container.class=org.apache.uima.ducc.user.jp.UimaProcessContainer, ducc.agent.node.metrics.endpoint=activemq:topic:ducc.node.metrics, ducc.jd.state.publish.rate=15000, ducc.pm.configuration.class=org.apache.uima.ducc.pm.config.ProcessManagerConfiguration, ducc.agent.share.size.fudge.factor=5, ducc.agent.rogue.process.exclusion.filter=sshd:,-bash,-sh,/bin/sh,/bin/bash,grep,ps, ducc.jmx.port=2099, ducc.uima-as.endpoint.params=transferExchange=true&sync=false, ducc.sm.meta.ping.timeout=15000, user.country=US, ducc.rm.state.update.endpoint.type=topic, ducc.pm.state.update.endpoint.type=topic, ducc.rm.scheduler=org.apache.uima.ducc.rm.scheduler.NodepoolScheduler, java.vendor=Oracle Corporation, ducc.rm.share.quantum=1, ducc.orchestrator.configuration.class=org.apache.uima.ducc.orchestrator.config.OrchestratorConfiguration, ducc.agent.rogue.process.user.exclusion.filter=, java.specification.version=1.7, sun.arch.data.model=64}
09 Mar 2016 08:52:37,273  INFO JobDriverComponent - T[1] Component  Starting Component JobDriver
09 Mar 2016 08:52:37,273  INFO JobDriverComponent - T[1] verifySystemProperties  ducc.deploy.CollectionReaderCfg=InputDirectory=/Users/ducc/shangridocs/shangridocs-services/src/main/resources/buffer/infiles
09 Mar 2016 08:52:37,274  INFO JobDriverComponent - T[1] verifySystemProperties  ducc.deploy.CollectionReaderXml=/Users/ducc/src/apache-ctakes-3.2.2/desc/ctakes-core/desc/collection_reader/FilesInDirectoryCollectionReader.xml
09 Mar 2016 08:52:37,274  INFO JobDriverComponent - T[1] verifySystemProperties  ducc.deploy.JobDirectory=/Users/ducc/src/logs
09 Mar 2016 08:52:37,274  INFO JobDriverComponent - T[1] verifySystemProperties  ducc.deploy.JobId=97
09 Mar 2016 08:52:37,274  INFO JobDriverComponent - T[1] verifySystemProperties  ducc.deploy.JpFlowController=org.apache.uima.ducc.FlowController
09 Mar 2016 08:52:37,274  INFO JobDriverComponent - T[1] verifySystemProperties  ducc.deploy.JpAeDescriptor=/Users/ducc/src/apache-ctakes-3.2.2/desc/ctakes-clinical-pipeline/desc/analysis_engine/AggregatePlaintextUMLSProcessor.xml
09 Mar 2016 08:52:37,274  INFO JobDriverComponent - T[1] verifySystemProperties  ducc.deploy.JpCcDescriptor=/Users/ducc/src/apache-ctakes-3.2.2/desc/ctakes-core/desc/cas_consumer/FileWriterCasConsumer.xml
09 Mar 2016 08:52:37,274  INFO JobDriverComponent - T[1] verifySystemProperties  ducc.deploy.JpCcOverrides=outputDir=/Users/ducc/shangridocs/shangridocs-services/src/main/resources/buffer/outfiles
09 Mar 2016 08:52:37,274  INFO JobDriverComponent - T[1] verifySystemProperties  ducc.deploy.JpDdBrokerEndpoint=${queue.name}
09 Mar 2016 08:52:37,274  INFO JobDriverComponent - T[1] verifySystemProperties  ducc.deploy.JpDdBrokerURL=${broker.name}
09 Mar 2016 08:52:37,274  INFO JobDriverComponent - T[1] verifySystemProperties  ducc.deploy.JpDdDescription=DUCC.Generated
09 Mar 2016 08:52:37,274  INFO JobDriverComponent - T[1] verifySystemProperties  ducc.deploy.JpDdName=DUCC.Job
09 Mar 2016 08:52:37,274  INFO JobDriverComponent - T[1] verifySystemProperties  ducc.deploy.JpThreadCount=2
09 Mar 2016 08:52:37,274  INFO JobDriverComponent - T[1] verifySystemProperties  ducc.deploy.UserClasspath=/Users/ducc/src/apache-ctakes-3.2.2/desc:/Users/ducc/src/apache-ctakes-3.2.2/resources:/Users/ducc/src/apache-ctakes-3.2.2/lib/*:/Users/ducc/apache-uima-ducc-2.0.1/lib/*:/Users/ducc/apache-uima-ducc-2.0.1/lib/uima-ducc/user/*
09 Mar 2016 08:52:37,274  INFO JobDriverComponent - T[1] verifySystemProperties  ducc.deploy.WorkItemTimeout=5
09 Mar 2016 08:52:37,281  INFO JobDriverStateExchanger - T[1] initializeTarget  http://localhost:19988/or
09 Mar 2016 08:52:37,286  INFO JobDriver - T[1] advanceJdState  current=Prelaunch request=Initializing result=Initializing
09 Mar 2016 08:52:37,743  INFO ProxyDeployableGeneration - T[1] getUimaAsDirectory  /Users/ducc/apache-uima-ducc-2.0.1/apache-uima/lib/*
09 Mar 2016 08:52:37,743  INFO ProxyDeployableGeneration - T[1] augmentUserClasspath  /Users/ducc/src/apache-ctakes-3.2.2/desc:/Users/ducc/src/apache-ctakes-3.2.2/resources:/Users/ducc/src/apache-ctakes-3.2.2/lib/*:/Users/ducc/apache-uima-ducc-2.0.1/lib/*:/Users/ducc/apache-uima-ducc-2.0.1/lib/uima-ducc/user/*:/Users/ducc/apache-uima-ducc-2.0.1/apache-uima/lib/*
09 Mar 2016 08:52:37,775  INFO ProxyDeployableGeneration - T[1] show  directory=/Users/ducc/src/logs
directory=/Users/ducc/src/logs
09 Mar 2016 08:52:37,776  INFO ProxyDeployableGeneration - T[1] show  id=97
id=97
09 Mar 2016 08:52:37,776  INFO ProxyDeployableGeneration - T[1] show  dgenName=DUCC.Job
dgenName=DUCC.Job
09 Mar 2016 08:52:37,776  INFO ProxyDeployableGeneration - T[1] show  dgenDescription=DUCC.Generated
dgenDescription=DUCC.Generated
09 Mar 2016 08:52:37,776  INFO ProxyDeployableGeneration - T[1] show  dgenThreadCount=2
dgenThreadCount=2
09 Mar 2016 08:52:37,776  INFO ProxyDeployableGeneration - T[1] show  dgenBrokerURL=${broker.name}
dgenBrokerURL=${broker.name}
09 Mar 2016 08:52:37,776  INFO ProxyDeployableGeneration - T[1] show  dgenEndpoint=${queue.name}
dgenEndpoint=${queue.name}
09 Mar 2016 08:52:37,776  INFO ProxyDeployableGeneration - T[1] show  degnFlowController=org.apache.uima.ducc.FlowController
degnFlowController=org.apache.uima.ducc.FlowController
09 Mar 2016 08:52:37,776  INFO ProxyDeployableGeneration - T[1] show  cmDescriptor=null
cmDescriptor=null
09 Mar 2016 08:52:37,776  INFO ProxyDeployableGeneration - T[1] show  cmOverrides=null
cmOverrides=null
09 Mar 2016 08:52:37,776  INFO ProxyDeployableGeneration - T[1] show  aeDescriptor=/Users/ducc/src/apache-ctakes-3.2.2/desc/ctakes-clinical-pipeline/desc/analysis_engine/AggregatePlaintextUMLSProcessor.xml
aeDescriptor=/Users/ducc/src/apache-ctakes-3.2.2/desc/ctakes-clinical-pipeline/desc/analysis_engine/AggregatePlaintextUMLSProcessor.xml
09 Mar 2016 08:52:37,776  INFO ProxyDeployableGeneration - T[1] show  aeOverrides=null
aeOverrides=null
09 Mar 2016 08:52:37,776  INFO ProxyDeployableGeneration - T[1] show  ccDescriptor=/Users/ducc/src/apache-ctakes-3.2.2/desc/ctakes-core/desc/cas_consumer/FileWriterCasConsumer.xml
ccDescriptor=/Users/ducc/src/apache-ctakes-3.2.2/desc/ctakes-core/desc/cas_consumer/FileWriterCasConsumer.xml
09 Mar 2016 08:52:37,776  INFO ProxyDeployableGeneration - T[1] show  ccOverrides=[outputDir=/Users/ducc/shangridocs/shangridocs-services/src/main/resources/buffer/outfiles]
ccOverrides=[outputDir=/Users/ducc/shangridocs/shangridocs-services/src/main/resources/buffer/outfiles]
directory=/Users/ducc/src/logs
id=97
dgenName=DUCC.Job
dgenDescription=DUCC.Generated
dgenThreadCount=2
dgenBrokerURL=${broker.name}
dgenEndpoint=${queue.name}
dgenFlowController=org.apache.uima.ducc.FlowController
cmDescriptor=null
cmOverrides=null
aeDescriptor=/Users/ducc/src/apache-ctakes-3.2.2/desc/ctakes-clinical-pipeline/desc/analysis_engine/AggregatePlaintextUMLSProcessor.xml
aeOverrides=null
ccDescriptor=/Users/ducc/src/apache-ctakes-3.2.2/desc/ctakes-core/desc/cas_consumer/FileWriterCasConsumer.xml
ccOverrides=[outputDir=/Users/ducc/shangridocs/shangridocs-services/src/main/resources/buffer/outfiles]
.... Processing Override:outputDir=/Users/ducc/shangridocs/shangridocs-services/src/main/resources/buffer/outfiles
09 Mar 2016 08:52:38,001  INFO ProxyDeployableGeneration - T[1] show  generated deployment descriptor=/Users/ducc/src/logs/97/97-uima-ae-descriptor-23263.xml
generated deployment descriptor=/Users/ducc/src/logs/97/97-uima-ae-descriptor-23263.xml
09 Mar 2016 08:52:38,001  INFO DgenManager - T[1] initialize  dd from parts: /Users/ducc/src/logs/97/97-uima-ae-descriptor-23263.xml
09 Mar 2016 08:52:38,004  INFO JobDriverComponent - T[1] createInstance  total: 1
>>>>>>>>>>>>>>> Running with AMQ Credentials
09 Mar 2016 08:52:48,153  INFO JobDriverConfiguration - T[1] JobDriver  Jetty Configuration - Port: 50961 Threads: 8-254
09 Mar 2016 08:52:48,154  INFO JD.log - J[N/A] T[1] JobDriver jetty-7.4.4.v20110707
09 Mar 2016 08:52:48,178  INFO JD.log - J[N/A] T[1] JobDriver started o.e.j.s.ServletContextHandler{/,null}
09 Mar 2016 08:52:48,191  INFO JD.log - J[N/A] T[1] JobDriver Started SelectChannelConnector@0.0.0.0:50961 STARTING
09 Mar 2016 08:52:48,192  INFO JobDriverConfiguration - T[1] jobDriver  Jetty Started - Port: 50961
09 Mar 2016 08:52:48,199  INFO JobDriverComponent - T[1] boot  ... Starting Component:  jobDriver
09 Mar 2016 08:52:48,199  INFO JobDriverComponent - T[1] start  .....Starting Camel Context
09 Mar 2016 08:52:48,378  INFO JobDriverComponent - T[1] start  ..... Camel Initialized and Started
09 Mar 2016 08:52:48,378  INFO JobDriverComponent - T[1] start  ..... Starting JMX Agent
09 Mar 2016 08:52:48,480  INFO JobDriverComponent - T[1] start  ..... JMX Agent Ready
09 Mar 2016 08:52:48,480  INFO JobDriverComponent - T[1] start  Connect jConsole to this process using JMX URL:service:jmx:rmi:///jndi/rmi://Little-Bear:2105/jmxrmi
09 Mar 2016 08:52:48,481  INFO JobDriverComponent - T[1] boot  ... Component started:  jobDriver
Starting Camel. Use ctrl + c to terminate the JVM.

09 Mar 2016 08:52:48,481  INFO JobDriverComponent - T[1] boot  Starting Camel. Use ctrl + c to terminate the JVM.

09 Mar 2016 08:56:36,767  INFO JobDriver - T[19] advanceJdState  current=Initializing request=Active result=Active
09 Mar 2016 08:56:37,086  INFO ActionGet - T[18] engage  seqNo=1 remote=localhost.23408.28
09 Mar 2016 08:56:46,535  INFO ActionEnd - T[19] engage  seqNo=1 remote=localhost.23408.28 ended
09 Mar 2016 08:56:46,583  INFO JobDriver - T[19] advanceJdState  current=Active request=Ended result=Ended
09 Mar 2016 08:56:46,583  INFO ActionEnd - T[19] jdExhausted  seqNo=1 remote=localhost.23408.28 jdState=Ended
09 Mar 2016 08:56:46,583  INFO JobDriverHelper - T[19] summarize  memory  [MB]  total=245.50 free=181.66 max=3641.00
09 Mar 2016 08:56:46,583  INFO JobDriverHelper - T[19] summarize  workitem  statistics  [sec]  avg=9.41 min=9.41 max=9.41 stddev=.00
09 Mar 2016 08:56:46,584  INFO JobDriverHelper - T[19] summarize  workitem  count  done=1 error=0 retry=0 preempt=0
